# JRE version: Java(TM) SE Runtime Environment (8.0_71-b15) (build 1.8.0_71-b15)
# Java VM: Java HotSpot(TM) 64-Bit Server VM (25.71-b15 mixed mode windows-amd64 compressed oops)
Heap:
 PSYoungGen      total 76800K, used 53381K [0x00000000ec580000, 0x00000000f3100000, 0x0000000100000000)
  eden space 66048K, 64% used [0x00000000ec580000,0x00000000eef22b88,0x00000000f0600000)
  from space 10752K, 99% used [0x00000000f1300000,0x00000000f1d7e990,0x00000000f1d80000)
  to   space 13312K, 0% used [0x00000000f0600000,0x00000000f0600000,0x00000000f1300000)
 ParOldGen       total 32768K, used 15390K [0x00000000c5000000, 0x00000000c7000000, 0x00000000ec580000)
  object space 32768K, 46% used [0x00000000c5000000,0x00000000c5f07b80,0x00000000c7000000)
 Metaspace       used 34247K, capacity 35794K, committed 35828K, reserved 1079296K
  class space    used 4776K, capacity 5090K, committed 5120K, reserved 1048576K
GC Heap History (10 events):
Event: 3.008 GC heap before
{Heap before GC invocations=5 (full 0):
 PSYoungGen      total 33280K, used 24677K [0x00000000ec580000, 0x00000000ee880000, 0x0000000100000000)
  eden space 30720K, 72% used [0x00000000ec580000,0x00000000edb1d400,0x00000000ee380000)
  from space 2560K, 99% used [0x00000000ee600000,0x00000000ee87c030,0x00000000ee880000)
  to   space 2560K, 0% used [0x00000000ee380000,0x00000000ee380000,0x00000000ee600000)
 ParOldGen       total 40960K, used 7217K [0x00000000c5000000, 0x00000000c7800000, 0x00000000ec580000)
  object space 40960K, 17% used [0x00000000c5000000,0x00000000c570c560,0x00000000c7800000)
 Metaspace       used 20821K, capacity 21184K, committed 21296K, reserved 1067008K
  class space    used 2802K, capacity 2934K, committed 2944K, reserved 1048576K
Event: 3.015 GC heap after
Heap after GC invocations=5 (full 0):
 PSYoungGen      total 33280K, used 2528K [0x00000000ec580000, 0x00000000f0d80000, 0x0000000100000000)
  eden space 30720K, 0% used [0x00000000ec580000,0x00000000ec580000,0x00000000ee380000)
  from space 2560K, 98% used [0x00000000ee380000,0x00000000ee5f8040,0x00000000ee600000)
  to   space 6144K, 0% used [0x00000000f0780000,0x00000000f0780000,0x00000000f0d80000)
 ParOldGen       total 40960K, used 9207K [0x00000000c5000000, 0x00000000c7800000, 0x00000000ec580000)
  object space 40960K, 22% used [0x00000000c5000000,0x00000000c58fdf38,0x00000000c7800000)
 Metaspace       used 20821K, capacity 21184K, committed 21296K, reserved 1067008K
  class space    used 2802K, capacity 2934K, committed 2944K, reserved 1048576K
}
Event: 3.015 GC heap before
{Heap before GC invocations=6 (full 1):
 PSYoungGen      total 33280K, used 2528K [0x00000000ec580000, 0x00000000f0d80000, 0x0000000100000000)
  eden space 30720K, 0% used [0x00000000ec580000,0x00000000ec580000,0x00000000ee380000)
  from space 2560K, 98% used [0x00000000ee380000,0x00000000ee5f8040,0x00000000ee600000)
  to   space 6144K, 0% used [0x00000000f0780000,0x00000000f0780000,0x00000000f0d80000)
 ParOldGen       total 40960K, used 9207K [0x00000000c5000000, 0x00000000c7800000, 0x00000000ec580000)
  object space 40960K, 22% used [0x00000000c5000000,0x00000000c58fdf38,0x00000000c7800000)
 Metaspace       used 20821K, capacity 21184K, committed 21296K, reserved 1067008K
  class space    used 2802K, capacity 2934K, committed 2944K, reserved 1048576K
Event: 3.053 GC heap after
Heap after GC invocations=6 (full 1):
 PSYoungGen      total 33280K, used 0K [0x00000000ec580000, 0x00000000f0d80000, 0x0000000100000000)
  eden space 30720K, 0% used [0x00000000ec580000,0x00000000ec580000,0x00000000ee380000)
  from space 2560K, 0% used [0x00000000ee380000,0x00000000ee380000,0x00000000ee600000)
  to   space 6144K, 0% used [0x00000000f0780000,0x00000000f0780000,0x00000000f0d80000)
 ParOldGen       total 32768K, used 5815K [0x00000000c5000000, 0x00000000c7000000, 0x00000000ec580000)
  object space 32768K, 17% used [0x00000000c5000000,0x00000000c55add28,0x00000000c7000000)
 Metaspace       used 20821K, capacity 21184K, committed 21296K, reserved 1067008K
  class space    used 2802K, capacity 2934K, committed 2944K, reserved 1048576K
}
Event: 4.126 GC heap before
{Heap before GC invocations=7 (full 1):
 PSYoungGen      total 33280K, used 30720K [0x00000000ec580000, 0x00000000f0d80000, 0x0000000100000000)
  eden space 30720K, 100% used [0x00000000ec580000,0x00000000ee380000,0x00000000ee380000)
  from space 2560K, 0% used [0x00000000ee380000,0x00000000ee380000,0x00000000ee600000)
  to   space 6144K, 0% used [0x00000000f0780000,0x00000000f0780000,0x00000000f0d80000)
 ParOldGen       total 32768K, used 5815K [0x00000000c5000000, 0x00000000c7000000, 0x00000000ec580000)
  object space 32768K, 17% used [0x00000000c5000000,0x00000000c55add28,0x00000000c7000000)
 Metaspace       used 25814K, capacity 26398K, committed 26752K, reserved 1073152K
  class space    used 3532K, capacity 3700K, committed 3712K, reserved 1048576K
Event: 4.136 GC heap after
Heap after GC invocations=7 (full 1):
 PSYoungGen      total 51712K, used 5097K [0x00000000ec580000, 0x00000000f0c80000, 0x0000000100000000)
  eden space 46592K, 0% used [0x00000000ec580000,0x00000000ec580000,0x00000000ef300000)
  from space 5120K, 99% used [0x00000000f0780000,0x00000000f0c7a488,0x00000000f0c80000)
  to   space 6656K, 0% used [0x00000000eff80000,0x00000000eff80000,0x00000000f0600000)
 ParOldGen       total 32768K, used 5887K [0x00000000c5000000, 0x00000000c7000000, 0x00000000ec580000)
  object space 32768K, 17% used [0x00000000c5000000,0x00000000c55bfd38,0x00000000c7000000)
 Metaspace       used 25814K, capacity 26398K, committed 26752K, reserved 1073152K
  class space    used 3532K, capacity 3700K, committed 3712K, reserved 1048576K
}
Event: 7.339 GC heap before
{Heap before GC invocations=8 (full 1):
 PSYoungGen      total 51712K, used 51689K [0x00000000ec580000, 0x00000000f0c80000, 0x0000000100000000)
  eden space 46592K, 100% used [0x00000000ec580000,0x00000000ef300000,0x00000000ef300000)
  from space 5120K, 99% used [0x00000000f0780000,0x00000000f0c7a488,0x00000000f0c80000)
  to   space 6656K, 0% used [0x00000000eff80000,0x00000000eff80000,0x00000000f0600000)
 ParOldGen       total 32768K, used 5887K [0x00000000c5000000, 0x00000000c7000000, 0x00000000ec580000)
  object space 32768K, 17% used [0x00000000c5000000,0x00000000c55bfd38,0x00000000c7000000)
 Metaspace       used 32554K, capacity 34014K, committed 34176K, reserved 1079296K
  class space    used 4652K, capacity 4950K, committed 4992K, reserved 1048576K
Event: 7.359 GC heap after
Heap after GC invocations=8 (full 1):
 PSYoungGen      total 66048K, used 6640K [0x00000000ec580000, 0x00000000f1d80000, 0x0000000100000000)
  eden space 59392K, 0% used [0x00000000ec580000,0x00000000ec580000,0x00000000eff80000)
  from space 6656K, 99% used [0x00000000eff80000,0x00000000f05fc030,0x00000000f0600000)
  to   space 10752K, 0% used [0x00000000f1300000,0x00000000f1300000,0x00000000f1d80000)
 ParOldGen       total 32768K, used 13302K [0x00000000c5000000, 0x00000000c7000000, 0x00000000ec580000)
  object space 32768K, 40% used [0x00000000c5000000,0x00000000c5cfdb80,0x00000000c7000000)
 Metaspace       used 32554K, capacity 34014K, committed 34176K, reserved 1079296K
  class space    used 4652K, capacity 4950K, committed 4992K, reserved 1048576K
}
Event: 115.222 GC heap before
{Heap before GC invocations=9 (full 1):
 PSYoungGen      total 66048K, used 45035K [0x00000000ec580000, 0x00000000f1d80000, 0x0000000100000000)
  eden space 59392K, 64% used [0x00000000ec580000,0x00000000eeafeea8,0x00000000eff80000)
  from space 6656K, 99% used [0x00000000eff80000,0x00000000f05fc030,0x00000000f0600000)
  to   space 10752K, 0% used [0x00000000f1300000,0x00000000f1300000,0x00000000f1d80000)
 ParOldGen       total 32768K, used 13302K [0x00000000c5000000, 0x00000000c7000000, 0x00000000ec580000)
  object space 32768K, 40% used [0x00000000c5000000,0x00000000c5cfdb80,0x00000000c7000000)
 Metaspace       used 33971K, capacity 35530K, committed 35752K, reserved 1079296K
  class space    used 4774K, capacity 5090K, committed 5120K, reserved 1048576K
Event: 115.286 GC heap after
Heap after GC invocations=9 (full 1):
 PSYoungGen      total 76800K, used 10746K [0x00000000ec580000, 0x00000000f3100000, 0x0000000100000000)
  eden space 66048K, 0% used [0x00000000ec580000,0x00000000ec580000,0x00000000f0600000)
  from space 10752K, 99% used [0x00000000f1300000,0x00000000f1d7e990,0x00000000f1d80000)
  to   space 13312K, 0% used [0x00000000f0600000,0x00000000f0600000,0x00000000f1300000)
 ParOldGen       total 32768K, used 15390K [0x00000000c5000000, 0x00000000c7000000, 0x00000000ec580000)
  object space 32768K, 46% used [0x00000000c5000000,0x00000000c5f07b80,0x00000000c7000000)
 Metaspace       used 33971K, capacity 35530K, committed 35752K, reserved 1079296K
  class space    used 4774K, capacity 5090K, committed 5120K, reserved 1048576K
}

